0 info it worked if it ends with ok
1 verbose cli [ 'C:\\Program Files\\nodejs\\node.exe',
1 verbose cli   'C:\\Program Files\\nodejs\\node_modules\\npm\\bin\\npm-cli.js',
1 verbose cli   'start' ]
2 info using npm@4.0.5
3 info using node@v7.4.0
4 verbose run-script [ 'prestart', 'start', 'poststart' ]
5 info lifecycle astropix-ws@0.0.0~prestart: astropix-ws@0.0.0
6 silly lifecycle astropix-ws@0.0.0~prestart: no script for prestart, continuing
7 info lifecycle astropix-ws@0.0.0~start: astropix-ws@0.0.0
8 verbose lifecycle astropix-ws@0.0.0~start: unsafe-perm in lifecycle true
9 verbose lifecycle astropix-ws@0.0.0~start: PATH: C:\Program Files\nodejs\node_modules\npm\bin\node-gyp-bin;C:\Users\e\WebstormProjects\node application\astropix\node_modules\.bin;;C:\Program Files\nodejs;C:\Program Files\nodejs;C:\Users\e\AppData\Roaming\npm;c:\Program files\git\bin;C:\Program Files\Heroku\bin;C:\Program Files\MongoDB\Server\3.4\bin;C:\\Program Files\\nodejs\\node_modules\\npm\\bin\\npm-cli.js',;C:\Users\e\Downloads\express-master\express-master\bin\express
10 verbose lifecycle astropix-ws@0.0.0~start: CWD: C:\Users\e\WebstormProjects\node application\astropix
11 silly lifecycle astropix-ws@0.0.0~start: Args: [ '/d /s /c', 'node ./bin/www' ]
12 verbose stack Error: kill ENOSYS
12 verbose stack     at exports._errnoException (util.js:1022:11)
12 verbose stack     at process.kill (internal/process.js:173:13)
12 verbose stack     at process.listener (C:\Program Files\nodejs\node_modules\npm\node_modules\npmlog\node_modules\gauge\node_modules\signal-exit\index.js:86:15)
12 verbose stack     at emitNone (events.js:91:20)
12 verbose stack     at process.emit (events.js:185:7)
12 verbose stack     at processEmit (C:\Program Files\nodejs\node_modules\npm\node_modules\npmlog\node_modules\gauge\node_modules\signal-exit\index.js:146:32)
12 verbose stack     at processEmit (C:\Program Files\nodejs\node_modules\npm\node_modules\npm-registry-client\node_modules\npmlog\node_modules\gauge\node_modules\signal-exit\index.js:146:32)
12 verbose stack     at Signal.wrap.onsignal (internal/process.js:200:44)
13 verbose cwd C:\Users\e\WebstormProjects\node application\astropix
14 error Windows_NT 10.0.14393
15 error argv "C:\\Program Files\\nodejs\\node.exe" "C:\\Program Files\\nodejs\\node_modules\\npm\\bin\\npm-cli.js" "start"
16 error node v7.4.0
17 error npm  v4.0.5
18 error code ENOSYS
19 error errno ENOSYS
20 error syscall kill
21 error kill ENOSYS
22 error If you need help, you may report this error at:
22 error     <https://github.com/npm/npm/issues>
23 verbose exit [ 1, true ]
